==========================================
SLURM_JOB_ID = 4704580
SLURM_JOB_NODELIST = d23-13
TMPDIR = /tmp/SLURM_4704580
==========================================
ðŸš€ Using device: cuda
âœ… Loaded data: 36680 rows, 674 columns
âœ… Total input features selected: 670
âœ… Train size: 29344 | Test size: 7336
âœ… Initialized MLP with 670 input features
Training Epochs:   0%|          | 0/200 [00:00<?, ?it/s]Training Epochs:   0%|          | 1/200 [00:02<08:02,  2.42s/it]Training Epochs:   3%|â–Ž         | 6/200 [00:02<01:01,  3.17it/s]Training Epochs:   6%|â–Œ         | 12/200 [00:02<00:25,  7.27it/s]Training Epochs:   9%|â–‰         | 18/200 [00:02<00:15, 12.11it/s]Training Epochs:  12%|â–ˆâ–        | 24/200 [00:02<00:10, 17.58it/s]Training Epochs:  15%|â–ˆâ–Œ        | 30/200 [00:02<00:07, 23.34it/s]Training Epochs:  18%|â–ˆâ–Š        | 36/200 [00:03<00:05, 29.13it/s]Training Epochs:  21%|â–ˆâ–ˆ        | 42/200 [00:03<00:04, 34.54it/s]Training Epochs:  24%|â–ˆâ–ˆâ–       | 48/200 [00:03<00:03, 39.26it/s]Training Epochs:  27%|â–ˆâ–ˆâ–‹       | 54/200 [00:03<00:03, 43.25it/s]Training Epochs:  30%|â–ˆâ–ˆâ–ˆ       | 60/200 [00:03<00:03, 46.40it/s]Training Epochs:  33%|â–ˆâ–ˆâ–ˆâ–Ž      | 66/200 [00:03<00:02, 48.94it/s]Training Epochs:  36%|â–ˆâ–ˆâ–ˆâ–Œ      | 72/200 [00:03<00:02, 50.87it/s]Training Epochs:  40%|â–ˆâ–ˆâ–ˆâ–‰      | 79/200 [00:03<00:02, 53.40it/s]Training Epochs:  43%|â–ˆâ–ˆâ–ˆâ–ˆâ–Ž     | 86/200 [00:03<00:02, 56.16it/s]Training Epochs:  46%|â–ˆâ–ˆâ–ˆâ–ˆâ–‹     | 93/200 [00:04<00:01, 59.68it/s]Training Epochs:  48%|â–ˆâ–ˆâ–ˆâ–ˆâ–Š     | 96/200 [00:04<00:04, 23.37it/s]
Epoch 010 | Train Loss: 0.6178 | Val Loss: 0.9760
Epoch 020 | Train Loss: 0.5529 | Val Loss: 0.9144
Epoch 030 | Train Loss: 0.5190 | Val Loss: 0.8094
Epoch 040 | Train Loss: 0.4961 | Val Loss: 0.6906
Epoch 050 | Train Loss: 0.4775 | Val Loss: 0.6028
Epoch 060 | Train Loss: 0.4614 | Val Loss: 0.5657
Epoch 070 | Train Loss: 0.4466 | Val Loss: 0.5568
Epoch 080 | Train Loss: 0.4341 | Val Loss: 0.5555
Epoch 090 | Train Loss: 0.4237 | Val Loss: 0.5555
â¹ï¸ Early stopping at epoch 97

ðŸ“Š Evaluation Metrics (Star Rating Prediction)
RMSE: 0.6046
MAE:  0.4708
RÂ²:   0.4551
ðŸ’¾ Saved MLP model to mlp_final_stars_zscore.pt
